<?xml version="1.0" encoding="UTF-8"?>
<testsuite xmlns:xsi="http://www.w3.org/2001/XMLSchema-instance" xsi:noNamespaceSchemaLocation="https://maven.apache.org/surefire/maven-surefire-plugin/xsd/surefire-test-report-3.0.xsd" version="3.0" name="servlet.ShopServletTest" time="0.954" tests="3" errors="0" skipped="0" failures="0">
  <properties>
[...]
</properties>
  <testcase name="whenDoGet_GivenSubmit_ThenPage4" classname="servlet.ShopServletTest" time="0.74"/>
  <testcase name="testDoPost" classname="servlet.ShopServletTest" time="0.014"/>
  <testcase name="whenDoGet_GivenAddToCart_ThenPage3" classname="servlet.ShopServletTest" time="0.171"/>
</testsuite>